#
# There is insufficient memory for the Java Runtime Environment to continue.
# Native memory allocation (mmap) failed to map 2097152 bytes for G1 virtual space
# Possible reasons:
#   The system is out of physical RAM or swap space
#   The process is running with CompressedOops enabled, and the Java Heap may be blocking the growth of the native heap
# Possible solutions:
#   Reduce memory load on the system
#   Increase physical memory or swap space
#   Check if swap backing store is full
#   Decrease Java heap size (-Xmx/-Xms)
#   Decrease number of Java threads
#   Decrease Java thread stack sizes (-Xss)
#   Set larger code cache with -XX:ReservedCodeCacheSize=
#   JVM is running with Unscaled Compressed Oops mode in which the Java heap is
#     placed in the first 4GB address space. The Java Heap base address is the
#     maximum limit for the native heap growth. Please use -XX:HeapBaseMinAddress
#     to set the Java Heap base and to place the Java Heap above 4GB virtual address.
# This output file may be truncated or incomplete.
#
#  Out of Memory Error (os_windows.cpp:3771), pid=104512, tid=103184
#
# JRE version:  (17.0.7+7) (build )
# Java VM: OpenJDK 64-Bit Server VM (17.0.7+7-b1000.6, mixed mode, sharing, tiered, compressed oops, compressed class ptrs, g1 gc, windows-amd64)
# No core dump will be written. Minidumps are not enabled by default on client versions of Windows
#

---------------  S U M M A R Y ------------

Command Line: git4idea.http.GitAskPassApp Username for 'https://github.com': 

Host: Intel(R) Core(TM) i5-8250U CPU @ 1.60GHz, 8 cores, 7G,  Windows 10 , 64 bit Build 18362 (10.0.18362.1110)
Time: Mon Oct  2 20:32:21 2023 Central Daylight Time elapsed time: 0.690296 seconds (0d 0h 0m 0s)

---------------  T H R E A D  ---------------

Current thread (0x000001a2edf653f0):  JavaThread "Unknown thread" [_thread_in_vm, id=103184, stack(0x000000a1c0700000,0x000000a1c0800000)]

Stack: [0x000000a1c0700000,0x000000a1c0800000]
Native frames: (J=compiled Java code, j=interpreted, Vv=VM code, C=native code)
V  [jvm.dll+0x683bfa]
V  [jvm.dll+0x8430a4]
V  [jvm.dll+0x8449be]
V  [jvm.dll+0x845023]
V  [jvm.dll+0x24ad2f]
V  [jvm.dll+0x680ac9]
V  [jvm.dll+0x67519a]
V  [jvm.dll+0x30b3cb]
V  [jvm.dll+0x312876]
V  [jvm.dll+0x362248]
V  [jvm.dll+0x36244f]
V  [jvm.dll+0x2e14a8]
V  [jvm.dll+0x2e2414]
V  [jvm.dll+0x814391]
V  [jvm.dll+0x36ffe1]
V  [jvm.dll+0x7f396c]
V  [jvm.dll+0x3f305f]
V  [jvm.dll+0x3f4b91]
C  [jli.dll+0x528f]
C  [ucrtbase.dll+0x210b2]
C  [KERNEL32.DLL+0x17c24]
C  [ntdll.dll+0x6d4d1]


---------------  P R O C E S S  ---------------

Threads class SMR info:
_java_thread_list=0x00007ff85f82d098, length=0, elements={
}

Java Threads: ( => current thread )

Other Threads:
  0x000001a2edfbe100 GCTaskThread "GC Thread#0" [stack: 0x000000a1c0800000,0x000000a1c0900000] [id=84260]
  0x000001a2edfcfbe0 ConcurrentGCThread "G1 Main Marker" [stack: 0x000000a1c0900000,0x000000a1c0a00000] [id=104652]
  0x000001a2edfd0500 ConcurrentGCThread "G1 Conc#0" [stack: 0x000000a1c0a00000,0x000000a1c0b00000] [id=102864]

[error occurred during error reporting (printing all threads), id 0xc0000005, EXCEPTION_ACCESS_VIOLATION (0xc0000005) at pc=0x00007ff85efe2087]

VM state: not at safepoint (not fully initialized)

VM Mutex/Monitor currently owned by a thread:  ([mutex/lock_event])
[0x000001a2edf60ce0] Heap_lock - owner thread: 0x000001a2edf653f0

Heap address: 0x0000000081c00000, size: 2020 MB, Compressed Oops mode: 32-bit

CDS archive(s) mapped at: [0x0000000000000000-0x0000000000000000-0x0000000000000000), size 0, SharedBaseAddress: 0x0000000800000000, ArchiveRelocationMode: 0.
Narrow klass base: 0x0000000000000000, Narrow klass shift: 0, Narrow klass range: 0x0

GC Precious Log:
<Empty>

Heap:
 garbage-first heap   total 0K, used 0K [0x0000000081c00000, 0x0000000100000000)
  region size 1024K, 0 young (0K), 0 survivors (0K)
 Metaspace       used 0K, committed 0K, reserved 0K
  class space    used 0K, committed 0K, reserved 0K

Heap Regions: E=young(eden), S=young(survivor), O=old, HS=humongous(starts), HC=humongous(continues), CS=collection set, F=free, OA=open archive, CA=closed archive, TAMS=top-at-mark-start (previous, next)

Card table byte_map: [0x000001a2f3ce0000,0x000001a2f40e0000] _byte_map_base: 0x000001a2f38d2000

Marking Bits (Prev, Next): (CMBitMap*) 0x000001a2edfbe620, (CMBitMap*) 0x000001a2edfbe660
 Prev Bits: [0x000001a2f44e0000, 0x000001a2f6470000)
 Next Bits: [0x000001a2f6470000, 0x000001a2f8400000)

GC Heap History (0 events):
No events

Dll operation events (1 events):
Event: 0.291 Loaded shared library C:\Program Files\JetBrains\IntelliJ IDEA Community Edition 2023.2\1\jbr\bin\java.dll

Deoptimization events (0 events):
No events

Classes unloaded (0 events):
No events

Classes redefined (0 events):
No events

Internal exceptions (0 events):
No events

VM Operations (0 events):
No events

Events (0 events):
No events


Dynamic libraries:
0x00007ff6d46d0000 - 0x00007ff6d46da000 	C:\Program Files\JetBrains\IntelliJ IDEA Community Edition 2023.2\1\jbr\bin\java.exe
0x00007ff895f00000 - 0x00007ff8960f0000 	C:\WINDOWS\SYSTEM32\ntdll.dll
0x00007ff894060000 - 0x00007ff894112000 	C:\WINDOWS\System32\KERNEL32.DLL
0x00007ff8939e0000 - 0x00007ff893c85000 	C:\WINDOWS\System32\KERNELBASE.dll
0x00007ff893cc0000 - 0x00007ff893dba000 	C:\WINDOWS\System32\ucrtbase.dll
0x00007ff8890f0000 - 0x00007ff889107000 	C:\Program Files\JetBrains\IntelliJ IDEA Community Edition 2023.2\1\jbr\bin\jli.dll
0x00007ff8949b0000 - 0x00007ff894b44000 	C:\WINDOWS\System32\USER32.dll
0x00007ff893c90000 - 0x00007ff893cb1000 	C:\WINDOWS\System32\win32u.dll
0x00007ff8957b0000 - 0x00007ff8957d6000 	C:\WINDOWS\System32\GDI32.dll
0x00007ff87b890000 - 0x00007ff87bb14000 	C:\WINDOWS\WinSxS\amd64_microsoft.windows.common-controls_6595b64144ccf1df_6.0.18362.1256_none_9e7e379be45e40e2\COMCTL32.dll
0x00007ff892e70000 - 0x00007ff893006000 	C:\WINDOWS\System32\gdi32full.dll
0x00007ff895e20000 - 0x00007ff895ebe000 	C:\WINDOWS\System32\msvcrt.dll
0x00007ff893dc0000 - 0x00007ff893e5e000 	C:\WINDOWS\System32\msvcp_win.dll
0x00007ff894120000 - 0x00007ff894456000 	C:\WINDOWS\System32\combase.dll
0x00007ff895690000 - 0x00007ff8957b0000 	C:\WINDOWS\System32\RPCRT4.dll
0x00007ff893010000 - 0x00007ff893091000 	C:\WINDOWS\System32\bcryptPrimitives.dll
0x00007ff880380000 - 0x00007ff88039b000 	C:\Program Files\JetBrains\IntelliJ IDEA Community Edition 2023.2\1\jbr\bin\VCRUNTIME140.dll
0x00007ff894980000 - 0x00007ff8949ae000 	C:\WINDOWS\System32\IMM32.DLL
0x00007ff88a6b0000 - 0x00007ff88a6bc000 	C:\Program Files\JetBrains\IntelliJ IDEA Community Edition 2023.2\1\jbr\bin\vcruntime140_1.dll
0x00007ff865ab0000 - 0x00007ff865b3d000 	C:\Program Files\JetBrains\IntelliJ IDEA Community Edition 2023.2\1\jbr\bin\msvcp140.dll
0x00007ff85ecf0000 - 0x00007ff85f970000 	C:\Program Files\JetBrains\IntelliJ IDEA Community Edition 2023.2\1\jbr\bin\server\jvm.dll
0x00007ff8957e0000 - 0x00007ff895883000 	C:\WINDOWS\System32\ADVAPI32.dll
0x00007ff895970000 - 0x00007ff895a07000 	C:\WINDOWS\System32\sechost.dll
0x00007ff88d750000 - 0x00007ff88d75a000 	C:\WINDOWS\SYSTEM32\VERSION.dll
0x00007ff890860000 - 0x00007ff890884000 	C:\WINDOWS\SYSTEM32\WINMM.dll
0x00007ff88e020000 - 0x00007ff88e029000 	C:\WINDOWS\SYSTEM32\WSOCK32.dll
0x00007ff8958f0000 - 0x00007ff89595f000 	C:\WINDOWS\System32\WS2_32.dll
0x00007ff890830000 - 0x00007ff89085d000 	C:\WINDOWS\SYSTEM32\winmmbase.dll
0x00007ff893830000 - 0x00007ff89387a000 	C:\WINDOWS\System32\cfgmgr32.dll
0x00007ff892db0000 - 0x00007ff892dc1000 	C:\WINDOWS\System32\kernel.appcore.dll
0x00007ff890ce0000 - 0x00007ff890cea000 	C:\Program Files\JetBrains\IntelliJ IDEA Community Edition 2023.2\1\jbr\bin\jimage.dll
0x00007ff891540000 - 0x00007ff891734000 	C:\WINDOWS\SYSTEM32\DBGHELP.DLL
0x00007ff88be00000 - 0x00007ff88be2a000 	C:\WINDOWS\SYSTEM32\dbgcore.DLL
0x00007ff8803d0000 - 0x00007ff8803f5000 	C:\Program Files\JetBrains\IntelliJ IDEA Community Edition 2023.2\1\jbr\bin\java.dll

dbghelp: loaded successfully - version: 4.0.5 - missing functions: none
symbol engine: initialized successfully - sym options: 0x614 - pdb path: .;C:\Program Files\JetBrains\IntelliJ IDEA Community Edition 2023.2\1\jbr\bin;C:\WINDOWS\SYSTEM32;C:\WINDOWS\WinSxS\amd64_microsoft.windows.common-controls_6595b64144ccf1df_6.0.18362.1256_none_9e7e379be45e40e2;C:\Program Files\JetBrains\IntelliJ IDEA Community Edition 2023.2\1\jbr\bin\server

VM Arguments:
java_command: git4idea.http.GitAskPassApp Username for 'https://github.com': 
java_class_path (initial): C:/Program Files/JetBrains/IntelliJ IDEA Community Edition 2023.2/1/plugins/vcs-git/lib/git4idea-rt.jar;C:/Program Files/JetBrains/IntelliJ IDEA Community Edition 2023.2/1/lib/externalProcess-rt.jar
Launcher Type: SUN_STANDARD

[Global flags]
     intx CICompilerCount                          = 4                                         {product} {ergonomic}
     uint ConcGCThreads                            = 2                                         {product} {ergonomic}
     uint G1ConcRefinementThreads                  = 8                                         {product} {ergonomic}
   size_t G1HeapRegionSize                         = 1048576                                   {product} {ergonomic}
    uintx GCDrainStackTargetSize                   = 64                                        {product} {ergonomic}
   size_t InitialHeapSize                          = 134217728                                 {product} {ergonomic}
   size_t MarkStackSize                            = 4194304                                   {product} {ergonomic}
   size_t MaxHeapSize                              = 2118123520                                {product} {ergonomic}
   size_t MinHeapDeltaBytes                        = 1048576                                   {product} {ergonomic}
   size_t MinHeapSize                              = 8388608                                   {product} {ergonomic}
    uintx NonNMethodCodeHeapSize                   = 5839372                                {pd product} {ergonomic}
    uintx NonProfiledCodeHeapSize                  = 122909434                              {pd product} {ergonomic}
    uintx ProfiledCodeHeapSize                     = 122909434                              {pd product} {ergonomic}
    uintx ReservedCodeCacheSize                    = 251658240                              {pd product} {ergonomic}
     bool SegmentedCodeCache                       = true                                      {product} {ergonomic}
   size_t SoftMaxHeapSize                          = 2118123520                             {manageable} {ergonomic}
     bool UseCompressedClassPointers               = true                           {product lp64_product} {ergonomic}
     bool UseCompressedOops                        = true                           {product lp64_product} {ergonomic}
     bool UseG1GC                                  = true                                      {product} {ergonomic}
     bool UseLargePagesIndividualAllocation        = false                                  {pd product} {ergonomic}

Logging:
Log output configuration:
 #0: stdout all=warning uptime,level,tags
 #1: stderr all=off uptime,level,tags

Environment Variables:
PATH=C:\Program Files\Git\mingw64\libexec\git-core;C:\Program Files\Git\mingw64\libexec\git-core;C:\Program Files\Git\mingw64\bin;C:\Program Files\Git\usr\bin;C:\Users\grays\bin;C:\Program Files (x86)\Common Files\Intel\Shared Libraries\redist\intel64\compiler;C:\Program Files (x86)\Common Files\Oracle\Java\javapath;C:\Program Files (x86)\Intel\iCLS Client;C:\Program Files\Intel\iCLS Client;C:\WINDOWS\system32;C:\WINDOWS;C:\WINDOWS\System32\Wbem;C:\WINDOWS\System32\WindowsPowerShell\v1.0;C:\Program Files (x86)\Intel\Intel(R) Management Engine Components\DAL;C:\Program Files\Intel\Intel(R) Management Engine Components\DAL;C:\Program Files (x86)\Intel\Intel(R) Management Engine Components\IPT;C:\Program Files\Intel\Intel(R) Management Engine Components\IPT;C:\WINDOWS\System32\OpenSSH;C:\Program Files\dotnet;C:\Program Files\Microsoft SQL Server\130\Tools\Binn;C:\Program Files\Intel\WiFi\bin;C:\Program Files\Common Files\Intel\WirelessCommon;C:\Program Files\Microsoft SQL Server\Client SDK\ODBC\170\Tools\Binn;C:\Program Files (x86)\Microsoft SQL Server\150\Tools\Binn;C:\Program Files\Microsoft SQL Server\150\Tools\Binn;C:\Program Files\Microsoft SQL Server\150\DTS\Binn;C:\Program Files (x86)\Microsoft SQL Server\150\DTS\Binn;C:\Program Files\Git\cmd;C:\Program Files\nodejs;C:\Users\grays\AppData\Local\Microsoft\WindowsApps;C:\Users\grays\AppData\Local\Programs\Microsoft VS Code\bin;C:\Users\grays\AppData\Roaming\npm;C:\Program Files\JetBrains\IntelliJ IDEA Community Edition 2023.2\1\bin
USERNAME=grays
DISPLAY=:0.0
LC_ALL=en_US.UTF-8
TERM=xterm-256color
TMPDIR=C:\Users\grays\AppData\Local\Temp
OS=Windows_NT
PROCESSOR_IDENTIFIER=Intel64 Family 6 Model 142 Stepping 10, GenuineIntel
TMP=C:\Users\grays\AppData\Local\Temp
TEMP=C:\Users\grays\AppData\Local\Temp


JNI global refs:
JNI global refs: 0, weak refs: 0

JNI global refs memory usage: 0, weak refs: 0

OOME stack traces (most recent first):
Classloader memory used:


---------------  S Y S T E M  ---------------

OS:
 Windows 10 , 64 bit Build 18362 (10.0.18362.1110)
OS uptime: 21 days 2:58 hours

CPU: total 8 (initial active 8) (4 cores per cpu, 2 threads per core) family 6 model 142 stepping 10 microcode 0x96, cx8, cmov, fxsr, ht, mmx, 3dnowpref, sse, sse2, sse3, ssse3, sse4.1, sse4.2, popcnt, lzcnt, tsc, tscinvbit, avx, avx2, aes, erms, clmul, bmi1, bmi2, adx, fma, vzeroupper, clflush, clflushopt

Memory: 4k page, system-wide physical 8075M (928M free)
TotalPageFile size 32651M (AvailPageFile size 6M)
current process WorkingSet (physical memory assigned to process): 10M, peak: 10M
current process commit charge ("private bytes"): 190M, peak: 192M

vm_info: OpenJDK 64-Bit Server VM (17.0.7+7-b1000.6) for windows-amd64 JRE (17.0.7+7-b1000.6), built on 2023-07-07 by "builduser" with MS VC++ 16.10 / 16.11 (VS2019)

END.
